#! /usr/bin/vvp
:ivl_version "11.0 (stable)";
:ivl_delay_selection "TYPICAL";
:vpi_time_precision - 11;
:vpi_module "/usr/lib/x86_64-linux-gnu/ivl/system.vpi";
:vpi_module "/usr/lib/x86_64-linux-gnu/ivl/vhdl_sys.vpi";
:vpi_module "/usr/lib/x86_64-linux-gnu/ivl/vhdl_textio.vpi";
:vpi_module "/usr/lib/x86_64-linux-gnu/ivl/v2005_math.vpi";
:vpi_module "/usr/lib/x86_64-linux-gnu/ivl/va_math.vpi";
S_0x55ab70c78da0 .scope module, "apbslave_tb" "apbslave_tb" 2 4;
 .timescale -9 -11;
v0x55ab70cac8a0_0 .var/i "i", 31 0;
v0x55ab70cac9a0_0 .var/i "j", 31 0;
v0x55ab70caca80_0 .var "paddr", 7 0;
v0x55ab70cacb80_0 .var "pclk", 0 0;
v0x55ab70cacc50_0 .var "penable", 0 0;
v0x55ab70cacd40_0 .net "prdata", 15 0, v0x55ab70cabc50_0;  1 drivers
L_0x7f88d4141018 .functor BUFT 1, C4<1>, C4<0>, C4<0>, C4<0>;
v0x55ab70cace10_0 .net "pready", 0 0, L_0x7f88d4141018;  1 drivers
v0x55ab70cacee0_0 .var "psel", 0 0;
v0x55ab70cacfb0_0 .var "pwdata", 15 0;
v0x55ab70cad080_0 .var "pwrite", 0 0;
v0x55ab70cad150_0 .var "rst", 0 0;
S_0x55ab70c8a370 .scope module, "DUT" "apbslave" 2 15, 3 1 0, S_0x55ab70c78da0;
 .timescale 0 0;
    .port_info 0 /INPUT 1 "pclk";
    .port_info 1 /INPUT 1 "rst";
    .port_info 2 /INPUT 1 "psel";
    .port_info 3 /INPUT 1 "penable";
    .port_info 4 /INPUT 8 "paddr";
    .port_info 5 /INPUT 16 "pwdata";
    .port_info 6 /INPUT 1 "pwrite";
    .port_info 7 /OUTPUT 1 "pready";
    .port_info 8 /OUTPUT 16 "prdata";
P_0x55ab70c4d620 .param/l "ACCESS" 0 3 15, C4<100>;
P_0x55ab70c4d660 .param/l "IDLE" 0 3 13, C4<001>;
P_0x55ab70c4d6a0 .param/l "SETUP" 0 3 14, C4<010>;
v0x55ab70c7ae90_0 .var "cur_st", 2 0;
v0x55ab70cab760_0 .var "dev_sel", 0 0;
v0x55ab70cab820 .array "mem", 255 0, 15 0;
v0x55ab70cab8c0_0 .var "nx_st", 2 0;
v0x55ab70cab9a0_0 .net "paddr", 7 0, v0x55ab70caca80_0;  1 drivers
v0x55ab70cabad0_0 .net "pclk", 0 0, v0x55ab70cacb80_0;  1 drivers
v0x55ab70cabb90_0 .net "penable", 0 0, v0x55ab70cacc50_0;  1 drivers
v0x55ab70cabc50_0 .var "prdata", 15 0;
v0x55ab70cabd30_0 .net "pready", 0 0, L_0x7f88d4141018;  alias, 1 drivers
v0x55ab70cabdf0_0 .net "psel", 0 0, v0x55ab70cacee0_0;  1 drivers
v0x55ab70cabeb0_0 .net "pwdata", 15 0, v0x55ab70cacfb0_0;  1 drivers
v0x55ab70cabf90_0 .net "pwrite", 0 0, v0x55ab70cad080_0;  1 drivers
v0x55ab70cac050_0 .net "rst", 0 0, v0x55ab70cad150_0;  1 drivers
E_0x55ab70c85740 .event posedge, v0x55ab70cac050_0, v0x55ab70cabad0_0;
E_0x55ab70c4c6d0 .event edge, v0x55ab70c7ae90_0, v0x55ab70cabdf0_0, v0x55ab70cabb90_0;
S_0x55ab70cac230 .scope task, "read_data" "read_data" 2 50, 2 50 0, S_0x55ab70c78da0;
 .timescale -9 -11;
TD_apbslave_tb.read_data ;
    %pushi/vec4 0, 0, 32;
    %store/vec4 v0x55ab70cac9a0_0, 0, 32;
    %pushi/vec4 256, 0, 32;
T_0.0 %dup/vec4;
    %pushi/vec4 0, 0, 32;
    %cmp/s;
    %jmp/1xz T_0.1, 5;
    %jmp/1 T_0.1, 4;
    %pushi/vec4 1, 0, 32;
    %sub;
    %pushi/vec4 1, 0, 1;
    %store/vec4 v0x55ab70cacee0_0, 0, 1;
    %delay 1000, 0;
    %pushi/vec4 1, 0, 1;
    %store/vec4 v0x55ab70cacc50_0, 0, 1;
    %pushi/vec4 0, 0, 1;
    %store/vec4 v0x55ab70cad080_0, 0, 1;
    %load/vec4 v0x55ab70cac9a0_0;
    %pad/s 8;
    %store/vec4 v0x55ab70caca80_0, 0, 8;
    %delay 1000, 0;
T_0.2 ;
    %load/vec4 v0x55ab70cace10_0;
    %nor/r;
    %flag_set/vec4 8;
    %jmp/0xz T_0.3, 8;
    %delay 1000, 0;
    %jmp T_0.2;
T_0.3 ;
    %vpi_call 2 64 "$display", "rdata: %d ", &A<v0x55ab70cab820, v0x55ab70cac9a0_0 > {0 0 0};
    %load/vec4 v0x55ab70cac9a0_0;
    %addi 1, 0, 32;
    %store/vec4 v0x55ab70cac9a0_0, 0, 32;
    %jmp T_0.0;
T_0.1 ;
    %pop/vec4 1;
    %end;
S_0x55ab70cac3e0 .scope task, "waitforclk" "waitforclk" 2 70, 2 70 0, S_0x55ab70c78da0;
 .timescale -9 -11;
v0x55ab70cac5e0_0 .var/i "n", 31 0;
E_0x55ab70c852a0 .event posedge, v0x55ab70cabad0_0;
TD_apbslave_tb.waitforclk ;
    %load/vec4 v0x55ab70cac5e0_0;
T_1.4 %dup/vec4;
    %pushi/vec4 0, 0, 32;
    %cmp/s;
    %jmp/1xz T_1.5, 5;
    %jmp/1 T_1.5, 4;
    %pushi/vec4 1, 0, 32;
    %sub;
    %wait E_0x55ab70c852a0;
    %jmp T_1.4;
T_1.5 ;
    %pop/vec4 1;
    %end;
S_0x55ab70cac6c0 .scope task, "write_data" "write_data" 2 23, 2 23 0, S_0x55ab70c78da0;
 .timescale -9 -11;
TD_apbslave_tb.write_data ;
    %pushi/vec4 0, 0, 32;
    %store/vec4 v0x55ab70cac8a0_0, 0, 32;
    %pushi/vec4 256, 0, 32;
T_2.6 %dup/vec4;
    %pushi/vec4 0, 0, 32;
    %cmp/s;
    %jmp/1xz T_2.7, 5;
    %jmp/1 T_2.7, 4;
    %pushi/vec4 1, 0, 32;
    %sub;
    %pushi/vec4 1, 0, 1;
    %store/vec4 v0x55ab70cacee0_0, 0, 1;
    %pushi/vec4 1, 0, 32;
    %store/vec4 v0x55ab70cac5e0_0, 0, 32;
    %fork TD_apbslave_tb.waitforclk, S_0x55ab70cac3e0;
    %join;
    %pushi/vec4 1, 0, 1;
    %store/vec4 v0x55ab70cacc50_0, 0, 1;
    %pushi/vec4 1, 0, 1;
    %store/vec4 v0x55ab70cad080_0, 0, 1;
    %load/vec4 v0x55ab70cac8a0_0;
    %pad/s 8;
    %store/vec4 v0x55ab70caca80_0, 0, 8;
    %load/vec4 v0x55ab70cac8a0_0;
    %pad/s 16;
    %store/vec4 v0x55ab70cacfb0_0, 0, 16;
    %pushi/vec4 1, 0, 32;
    %store/vec4 v0x55ab70cac5e0_0, 0, 32;
    %fork TD_apbslave_tb.waitforclk, S_0x55ab70cac3e0;
    %join;
T_2.8 ;
    %load/vec4 v0x55ab70cace10_0;
    %nor/r;
    %flag_set/vec4 8;
    %jmp/0xz T_2.9, 8;
    %delay 1000, 0;
    %jmp T_2.8;
T_2.9 ;
    %vpi_call 2 43 "$display", "wdata: %d ", &A<v0x55ab70cab820, v0x55ab70cac8a0_0 > {0 0 0};
    %load/vec4 v0x55ab70cac8a0_0;
    %addi 1, 0, 32;
    %store/vec4 v0x55ab70cac8a0_0, 0, 32;
    %jmp T_2.6;
T_2.7 ;
    %pop/vec4 1;
    %end;
    .scope S_0x55ab70c8a370;
T_3 ;
    %wait E_0x55ab70c4c6d0;
    %pushi/vec4 0, 0, 1;
    %store/vec4 v0x55ab70cab760_0, 0, 1;
    %load/vec4 v0x55ab70c7ae90_0;
    %dup/vec4;
    %pushi/vec4 1, 0, 3;
    %cmp/u;
    %jmp/1 T_3.0, 6;
    %dup/vec4;
    %pushi/vec4 2, 0, 3;
    %cmp/u;
    %jmp/1 T_3.1, 6;
    %dup/vec4;
    %pushi/vec4 4, 0, 3;
    %cmp/u;
    %jmp/1 T_3.2, 6;
    %jmp T_3.4;
T_3.0 ;
    %load/vec4 v0x55ab70cabdf0_0;
    %flag_set/vec4 8;
    %jmp/0xz  T_3.5, 8;
    %pushi/vec4 2, 0, 3;
    %store/vec4 v0x55ab70cab8c0_0, 0, 3;
    %jmp T_3.6;
T_3.5 ;
    %load/vec4 v0x55ab70c7ae90_0;
    %store/vec4 v0x55ab70cab8c0_0, 0, 3;
T_3.6 ;
    %jmp T_3.4;
T_3.1 ;
    %load/vec4 v0x55ab70cabb90_0;
    %flag_set/vec4 8;
    %jmp/0xz  T_3.7, 8;
    %pushi/vec4 4, 0, 3;
    %store/vec4 v0x55ab70cab8c0_0, 0, 3;
    %jmp T_3.8;
T_3.7 ;
    %load/vec4 v0x55ab70c7ae90_0;
    %store/vec4 v0x55ab70cab8c0_0, 0, 3;
T_3.8 ;
    %jmp T_3.4;
T_3.2 ;
    %pushi/vec4 1, 0, 1;
    %store/vec4 v0x55ab70cab760_0, 0, 1;
    %load/vec4 v0x55ab70cabdf0_0;
    %flag_set/vec4 8;
    %jmp/0xz  T_3.9, 8;
    %pushi/vec4 2, 0, 3;
    %store/vec4 v0x55ab70cab8c0_0, 0, 3;
    %jmp T_3.10;
T_3.9 ;
    %pushi/vec4 1, 0, 3;
    %store/vec4 v0x55ab70cab8c0_0, 0, 3;
T_3.10 ;
    %jmp T_3.4;
T_3.4 ;
    %pop/vec4 1;
    %jmp T_3;
    .thread T_3, $push;
    .scope S_0x55ab70c8a370;
T_4 ;
    %wait E_0x55ab70c85740;
    %load/vec4 v0x55ab70cac050_0;
    %flag_set/vec4 8;
    %jmp/0xz  T_4.0, 8;
    %pushi/vec4 1, 0, 3;
    %assign/vec4 v0x55ab70c7ae90_0, 0;
    %jmp T_4.1;
T_4.0 ;
    %load/vec4 v0x55ab70cab8c0_0;
    %assign/vec4 v0x55ab70c7ae90_0, 0;
    %load/vec4 v0x55ab70cab760_0;
    %flag_set/vec4 8;
    %jmp/0xz  T_4.2, 8;
    %load/vec4 v0x55ab70cabf90_0;
    %flag_set/vec4 8;
    %jmp/0xz  T_4.4, 8;
    %load/vec4 v0x55ab70cabeb0_0;
    %load/vec4 v0x55ab70cab9a0_0;
    %pad/u 10;
    %ix/vec4 3;
    %ix/load 4, 0, 0; Constant delay
    %assign/vec4/a/d v0x55ab70cab820, 0, 4;
    %jmp T_4.5;
T_4.4 ;
    %load/vec4 v0x55ab70cab9a0_0;
    %pad/u 10;
    %ix/vec4 4;
    %load/vec4a v0x55ab70cab820, 4;
    %assign/vec4 v0x55ab70cabc50_0, 0;
T_4.5 ;
T_4.2 ;
T_4.1 ;
    %jmp T_4;
    .thread T_4;
    .scope S_0x55ab70c78da0;
T_5 ;
    %pushi/vec4 0, 0, 1;
    %store/vec4 v0x55ab70cacb80_0, 0, 1;
T_5.0 ;
    %delay 500, 0;
    %load/vec4 v0x55ab70cacb80_0;
    %inv;
    %store/vec4 v0x55ab70cacb80_0, 0, 1;
    %jmp T_5.0;
    %end;
    .thread T_5;
    .scope S_0x55ab70c78da0;
T_6 ;
    %vpi_call 2 76 "$dumpfile", "apbslave.vcd" {0 0 0};
    %vpi_call 2 77 "$dumpvars", 32'sb00000000000000000000000000000000, S_0x55ab70c78da0 {0 0 0};
    %pushi/vec4 1, 0, 1;
    %store/vec4 v0x55ab70cad150_0, 0, 1;
    %pushi/vec4 0, 0, 1;
    %store/vec4 v0x55ab70cacee0_0, 0, 1;
    %pushi/vec4 0, 0, 1;
    %store/vec4 v0x55ab70cacc50_0, 0, 1;
    %pushi/vec4 0, 0, 8;
    %store/vec4 v0x55ab70caca80_0, 0, 8;
    %pushi/vec4 0, 0, 16;
    %store/vec4 v0x55ab70cacfb0_0, 0, 16;
    %pushi/vec4 0, 0, 1;
    %store/vec4 v0x55ab70cad080_0, 0, 1;
    %delay 10, 0;
    %delay 2000, 0;
    %pushi/vec4 0, 0, 1;
    %store/vec4 v0x55ab70cad150_0, 0, 1;
    %pushi/vec4 1, 0, 1;
    %store/vec4 v0x55ab70cacee0_0, 0, 1;
    %pushi/vec4 1, 0, 1;
    %store/vec4 v0x55ab70cacee0_0, 0, 1;
    %delay 1000, 0;
    %pushi/vec4 1, 0, 1;
    %store/vec4 v0x55ab70cacc50_0, 0, 1;
    %pushi/vec4 1, 0, 1;
    %store/vec4 v0x55ab70cad080_0, 0, 1;
    %pushi/vec4 0, 0, 8;
    %store/vec4 v0x55ab70caca80_0, 0, 8;
    %pushi/vec4 43605, 0, 16;
    %store/vec4 v0x55ab70cacfb0_0, 0, 16;
    %delay 1000, 0;
T_6.0 ;
    %load/vec4 v0x55ab70cace10_0;
    %nor/r;
    %flag_set/vec4 8;
    %jmp/0xz T_6.1, 8;
    %delay 1000, 0;
    %jmp T_6.0;
T_6.1 ;
    %pushi/vec4 1, 0, 32;
    %store/vec4 v0x55ab70cac5e0_0, 0, 32;
    %fork TD_apbslave_tb.waitforclk, S_0x55ab70cac3e0;
    %join;
    %pushi/vec4 1, 0, 1;
    %store/vec4 v0x55ab70cacee0_0, 0, 1;
    %delay 1000, 0;
    %pushi/vec4 1, 0, 1;
    %store/vec4 v0x55ab70cacc50_0, 0, 1;
    %pushi/vec4 0, 0, 1;
    %store/vec4 v0x55ab70cad080_0, 0, 1;
    %pushi/vec4 0, 0, 8;
    %store/vec4 v0x55ab70caca80_0, 0, 8;
    %delay 1000, 0;
T_6.2 ;
    %load/vec4 v0x55ab70cace10_0;
    %nor/r;
    %flag_set/vec4 8;
    %jmp/0xz T_6.3, 8;
    %delay 1000, 0;
    %jmp T_6.2;
T_6.3 ;
    %pushi/vec4 10, 0, 32;
    %store/vec4 v0x55ab70cac5e0_0, 0, 32;
    %fork TD_apbslave_tb.waitforclk, S_0x55ab70cac3e0;
    %join;
    %vpi_call 2 178 "$finish" {0 0 0};
    %end;
    .thread T_6;
# The file index is used to find the file name in the following table.
:file_names 4;
    "N/A";
    "<interactive>";
    "apbslave_tb.v";
    "apbslave.v";
